[2024-05-27T23:07:11.736+0000] {taskinstance.py:1087} INFO - Dependencies all met for <TaskInstance: franko_lookup_ingest.ti_load_stage_data manual__2024-05-27T21:49:08.726117+00:00 [queued]>
[2024-05-27T23:07:11.752+0000] {taskinstance.py:1087} INFO - Dependencies all met for <TaskInstance: franko_lookup_ingest.ti_load_stage_data manual__2024-05-27T21:49:08.726117+00:00 [queued]>
[2024-05-27T23:07:11.753+0000] {taskinstance.py:1283} INFO - 
--------------------------------------------------------------------------------
[2024-05-27T23:07:11.753+0000] {taskinstance.py:1284} INFO - Starting attempt 15 of 15
[2024-05-27T23:07:11.753+0000] {taskinstance.py:1285} INFO - 
--------------------------------------------------------------------------------
[2024-05-27T23:07:11.778+0000] {taskinstance.py:1304} INFO - Executing <Task(DockerOperator): ti_load_stage_data> on 2024-05-27 21:49:08.726117+00:00
[2024-05-27T23:07:11.785+0000] {standard_task_runner.py:55} INFO - Started process 15214 to run task
[2024-05-27T23:07:11.788+0000] {standard_task_runner.py:82} INFO - Running: ['***', 'tasks', 'run', 'franko_lookup_ingest', 'ti_load_stage_data', 'manual__2024-05-27T21:49:08.726117+00:00', '--job-id', '101', '--raw', '--subdir', 'DAGS_FOLDER/challenge_dag.py', '--cfg-path', '/tmp/tmpthupcxs7']
[2024-05-27T23:07:11.789+0000] {standard_task_runner.py:83} INFO - Job 101: Subtask ti_load_stage_data
[2024-05-27T23:07:11.858+0000] {task_command.py:389} INFO - Running <TaskInstance: franko_lookup_ingest.ti_load_stage_data manual__2024-05-27T21:49:08.726117+00:00 [running]> on host a64b6410e10e
[2024-05-27T23:07:11.939+0000] {taskinstance.py:1513} INFO - Exporting the following env vars:
AIRFLOW_CTX_DAG_OWNER=***
AIRFLOW_CTX_DAG_ID=franko_lookup_ingest
AIRFLOW_CTX_TASK_ID=ti_load_stage_data
AIRFLOW_CTX_EXECUTION_DATE=2024-05-27T21:49:08.726117+00:00
AIRFLOW_CTX_TRY_NUMBER=15
AIRFLOW_CTX_DAG_RUN_ID=manual__2024-05-27T21:49:08.726117+00:00
[2024-05-27T23:07:11.961+0000] {docker.py:284} INFO - Starting docker container from image my_dbt
[2024-05-27T23:07:14.432+0000] {docker.py:354} INFO - [0m23:07:14  Running with dbt=1.5.11
[2024-05-27T23:07:14.565+0000] {docker.py:354} INFO - [0m23:07:14  Registered adapter: postgres=1.5.11
[2024-05-27T23:07:14.718+0000] {docker.py:354} INFO - [0m23:07:14  Found 4 models, 4 tests, 0 snapshots, 0 analyses, 422 macros, 0 operations, 1 seed file, 1 source, 0 exposures, 0 metrics, 0 groups
[2024-05-27T23:07:14.721+0000] {docker.py:354} INFO - [0m23:07:14
[2024-05-27T23:07:14.797+0000] {docker.py:354} INFO - [0m23:07:14  Concurrency: 4 threads (target='dev')
[2024-05-27T23:07:14.798+0000] {docker.py:354} INFO - [0m23:07:14
[2024-05-27T23:07:14.802+0000] {docker.py:354} INFO - [0m23:07:14  1 of 2 START sql table model dev.silver_covid_geo .............................. [RUN]
[2024-05-27T23:07:15.227+0000] {docker.py:354} INFO - [0m23:07:15  1 of 2 OK created sql table model dev.silver_covid_geo ......................... [[32mSELECT 283[0m in 0.42s]
[2024-05-27T23:07:15.229+0000] {docker.py:354} INFO - [0m23:07:15  2 of 2 START sql view model dev.silver_unpivot_covid_geo ....................... [RUN]
[2024-05-27T23:07:17.645+0000] {docker.py:354} INFO - [0m23:07:17  2 of 2 OK created sql view model dev.silver_unpivot_covid_geo .................. [[32mCREATE VIEW[0m in 2.41s]
[2024-05-27T23:07:17.752+0000] {docker.py:354} INFO - [0m23:07:17
[2024-05-27T23:07:17.753+0000] {docker.py:354} INFO - [0m23:07:17  Finished running 1 table model, 1 view model in 0 hours 0 minutes and 3.03 seconds (3.03s).
[2024-05-27T23:07:17.770+0000] {docker.py:354} INFO - [0m23:07:17
[2024-05-27T23:07:17.770+0000] {docker.py:354} INFO - [0m23:07:17  [32mCompleted successfully[0m
[2024-05-27T23:07:17.771+0000] {docker.py:354} INFO - [0m23:07:17
[2024-05-27T23:07:17.772+0000] {docker.py:354} INFO - [0m23:07:17  Done. PASS=2 WARN=0 ERROR=0 SKIP=0 TOTAL=2
[2024-05-27T23:07:19.382+0000] {taskinstance.py:1327} INFO - Marking task as SUCCESS. dag_id=franko_lookup_ingest, task_id=ti_load_stage_data, execution_date=20240527T214908, start_date=20240527T230711, end_date=20240527T230719
[2024-05-27T23:07:19.403+0000] {local_task_job.py:159} INFO - Task exited with return code 0
[2024-05-27T23:07:19.420+0000] {taskinstance.py:2582} INFO - 0 downstream tasks scheduled from follow-on schedule check
