[2024-05-27T22:02:31.193+0000] {taskinstance.py:1087} INFO - Dependencies all met for <TaskInstance: franko_lookup_ingest.ti_load_stage_data manual__2024-05-27T21:49:08.726117+00:00 [queued]>
[2024-05-27T22:02:31.202+0000] {taskinstance.py:1087} INFO - Dependencies all met for <TaskInstance: franko_lookup_ingest.ti_load_stage_data manual__2024-05-27T21:49:08.726117+00:00 [queued]>
[2024-05-27T22:02:31.203+0000] {taskinstance.py:1283} INFO - 
--------------------------------------------------------------------------------
[2024-05-27T22:02:31.203+0000] {taskinstance.py:1284} INFO - Starting attempt 3 of 3
[2024-05-27T22:02:31.203+0000] {taskinstance.py:1285} INFO - 
--------------------------------------------------------------------------------
[2024-05-27T22:02:31.216+0000] {taskinstance.py:1304} INFO - Executing <Task(DockerOperator): ti_load_stage_data> on 2024-05-27 21:49:08.726117+00:00
[2024-05-27T22:02:31.222+0000] {standard_task_runner.py:55} INFO - Started process 10103 to run task
[2024-05-27T22:02:31.225+0000] {standard_task_runner.py:82} INFO - Running: ['***', 'tasks', 'run', 'franko_lookup_ingest', 'ti_load_stage_data', 'manual__2024-05-27T21:49:08.726117+00:00', '--job-id', '89', '--raw', '--subdir', 'DAGS_FOLDER/challenge_dag.py', '--cfg-path', '/tmp/tmpeqps5qif']
[2024-05-27T22:02:31.225+0000] {standard_task_runner.py:83} INFO - Job 89: Subtask ti_load_stage_data
[2024-05-27T22:02:31.285+0000] {task_command.py:389} INFO - Running <TaskInstance: franko_lookup_ingest.ti_load_stage_data manual__2024-05-27T21:49:08.726117+00:00 [running]> on host a64b6410e10e
[2024-05-27T22:02:31.356+0000] {taskinstance.py:1513} INFO - Exporting the following env vars:
AIRFLOW_CTX_DAG_OWNER=***
AIRFLOW_CTX_DAG_ID=franko_lookup_ingest
AIRFLOW_CTX_TASK_ID=ti_load_stage_data
AIRFLOW_CTX_EXECUTION_DATE=2024-05-27T21:49:08.726117+00:00
AIRFLOW_CTX_TRY_NUMBER=3
AIRFLOW_CTX_DAG_RUN_ID=manual__2024-05-27T21:49:08.726117+00:00
[2024-05-27T22:02:31.378+0000] {docker.py:284} INFO - Starting docker container from image my_dbt
[2024-05-27T22:02:34.071+0000] {docker.py:354} INFO - [0m22:02:34  Running with dbt=1.5.11
[2024-05-27T22:02:34.217+0000] {docker.py:354} INFO - [0m22:02:34  Registered adapter: postgres=1.5.11
[2024-05-27T22:02:34.334+0000] {docker.py:354} INFO - [0m22:02:34  Found 3 models, 4 tests, 0 snapshots, 0 analyses, 310 macros, 0 operations, 1 seed file, 1 source, 0 exposures, 0 metrics, 0 groups
[2024-05-27T22:02:34.336+0000] {docker.py:354} INFO - [0m22:02:34
[2024-05-27T22:02:34.429+0000] {docker.py:354} INFO - [0m22:02:34  Concurrency: 4 threads (target='dev')
[2024-05-27T22:02:34.429+0000] {docker.py:354} INFO - [0m22:02:34
[2024-05-27T22:02:34.432+0000] {docker.py:354} INFO - [0m22:02:34  1 of 1 START sql table model dev.silver_covid_geo .............................. [RUN]
[2024-05-27T22:02:34.538+0000] {docker.py:354} INFO - [0m22:02:34  1 of 1 ERROR creating sql table model dev.silver_covid_geo ..................... [[31mERROR[0m in 0.10s]
[2024-05-27T22:02:34.648+0000] {docker.py:354} INFO - [0m22:02:34
[2024-05-27T22:02:34.649+0000] {docker.py:354} INFO - [0m22:02:34  Finished running 1 table model in 0 hours 0 minutes and 0.31 seconds (0.31s).
[2024-05-27T22:02:34.664+0000] {docker.py:354} INFO - [0m22:02:34
[2024-05-27T22:02:34.665+0000] {docker.py:354} INFO - [0m22:02:34  [31mCompleted with 1 error and 0 warnings:[0m
[2024-05-27T22:02:34.666+0000] {docker.py:354} INFO - [0m22:02:34
[2024-05-27T22:02:34.666+0000] {docker.py:354} INFO - [0m22:02:34  [33mDatabase Error in model silver_covid_geo (models/silver/silver_covid_geo.sql)[0m
[2024-05-27T22:02:34.667+0000] {docker.py:354} INFO - [0m22:02:34    column "lat" does not exist
[2024-05-27T22:02:34.667+0000] {docker.py:354} INFO - [0m22:02:34    LINE 24: where lat is not null
[2024-05-27T22:02:34.668+0000] {docker.py:354} INFO - [0m22:02:34                   ^
[2024-05-27T22:02:34.669+0000] {docker.py:354} INFO - [0m22:02:34    HINT:  Perhaps you meant to reference the column "silver_dataset.Lat".
[2024-05-27T22:02:34.669+0000] {docker.py:354} INFO - [0m22:02:34    compiled Code at target/run/franko/models/silver/silver_covid_geo.sql
[2024-05-27T22:02:34.670+0000] {docker.py:354} INFO - [0m22:02:34
[2024-05-27T22:02:34.671+0000] {docker.py:354} INFO - [0m22:02:34  Done. PASS=0 WARN=0 ERROR=1 SKIP=0 TOTAL=1
[2024-05-27T22:02:35.491+0000] {taskinstance.py:1772} ERROR - Task failed with exception
Traceback (most recent call last):
  File "/home/airflow/.local/lib/python3.7/site-packages/airflow/providers/docker/operators/docker.py", line 430, in execute
    return self._run_image()
  File "/home/airflow/.local/lib/python3.7/site-packages/airflow/providers/docker/operators/docker.py", line 303, in _run_image
    return self._run_image_with_mounts(self.mounts, add_tmp_variable=False)
  File "/home/airflow/.local/lib/python3.7/site-packages/airflow/providers/docker/operators/docker.py", line 359, in _run_image_with_mounts
    raise AirflowException(f"Docker container failed: {repr(result)} lines {joined_log_lines}")
airflow.exceptions.AirflowException: Docker container failed: {'StatusCode': 1} lines [0m22:02:34  Running with dbt=1.5.11
[0m22:02:34  Registered adapter: postgres=1.5.11
[0m22:02:34  Found 3 models, 4 tests, 0 snapshots, 0 analyses, 310 macros, 0 operations, 1 seed file, 1 source, 0 exposures, 0 metrics, 0 groups
[0m22:02:34
[0m22:02:34  Concurrency: 4 threads (target='dev')
[0m22:02:34
[0m22:02:34  1 of 1 START sql table model dev.silver_covid_geo .............................. [RUN]
[0m22:02:34  1 of 1 ERROR creating sql table model dev.silver_covid_geo ..................... [[31mERROR[0m in 0.10s]
[0m22:02:34
[0m22:02:34  Finished running 1 table model in 0 hours 0 minutes and 0.31 seconds (0.31s).
[0m22:02:34
[0m22:02:34  [31mCompleted with 1 error and 0 warnings:[0m
[0m22:02:34
[0m22:02:34  [33mDatabase Error in model silver_covid_geo (models/silver/silver_covid_geo.sql)[0m
[0m22:02:34    column "lat" does not exist
[0m22:02:34    LINE 24: where lat is not null
[0m22:02:34                   ^
[0m22:02:34    HINT:  Perhaps you meant to reference the column "silver_dataset.Lat".
[0m22:02:34    compiled Code at target/run/franko/models/silver/silver_covid_geo.sql
[0m22:02:34
[0m22:02:34  Done. PASS=0 WARN=0 ERROR=1 SKIP=0 TOTAL=1
[2024-05-27T22:02:35.495+0000] {taskinstance.py:1327} INFO - Marking task as FAILED. dag_id=franko_lookup_ingest, task_id=ti_load_stage_data, execution_date=20240527T214908, start_date=20240527T220231, end_date=20240527T220235
[2024-05-27T22:02:35.511+0000] {standard_task_runner.py:105} ERROR - Failed to execute job 89 for task ti_load_stage_data (Docker container failed: {'StatusCode': 1} lines [0m22:02:34  Running with dbt=1.5.11
[0m22:02:34  Registered adapter: postgres=1.5.11
[0m22:02:34  Found 3 models, 4 tests, 0 snapshots, 0 analyses, 310 macros, 0 operations, 1 seed file, 1 source, 0 exposures, 0 metrics, 0 groups
[0m22:02:34
[0m22:02:34  Concurrency: 4 threads (target='dev')
[0m22:02:34
[0m22:02:34  1 of 1 START sql table model dev.silver_covid_geo .............................. [RUN]
[0m22:02:34  1 of 1 ERROR creating sql table model dev.silver_covid_geo ..................... [[31mERROR[0m in 0.10s]
[0m22:02:34
[0m22:02:34  Finished running 1 table model in 0 hours 0 minutes and 0.31 seconds (0.31s).
[0m22:02:34
[0m22:02:34  [31mCompleted with 1 error and 0 warnings:[0m
[0m22:02:34
[0m22:02:34  [33mDatabase Error in model silver_covid_geo (models/silver/silver_covid_geo.sql)[0m
[0m22:02:34    column "lat" does not exist
[0m22:02:34    LINE 24: where lat is not null
[0m22:02:34                   ^
[0m22:02:34    HINT:  Perhaps you meant to reference the column "silver_dataset.Lat".
[0m22:02:34    compiled Code at target/run/franko/models/silver/silver_covid_geo.sql
[0m22:02:34
[0m22:02:34  Done. PASS=0 WARN=0 ERROR=1 SKIP=0 TOTAL=1; 10103)
[2024-05-27T22:02:35.536+0000] {local_task_job.py:159} INFO - Task exited with return code 1
[2024-05-27T22:02:35.557+0000] {taskinstance.py:2582} INFO - 0 downstream tasks scheduled from follow-on schedule check
