[2024-05-27T23:27:18.641+0000] {taskinstance.py:1087} INFO - Dependencies all met for <TaskInstance: franko_lookup_ingest.ti_load_stage_data manual__2024-05-27T21:49:08.726117+00:00 [queued]>
[2024-05-27T23:27:18.657+0000] {taskinstance.py:1087} INFO - Dependencies all met for <TaskInstance: franko_lookup_ingest.ti_load_stage_data manual__2024-05-27T21:49:08.726117+00:00 [queued]>
[2024-05-27T23:27:18.657+0000] {taskinstance.py:1283} INFO - 
--------------------------------------------------------------------------------
[2024-05-27T23:27:18.658+0000] {taskinstance.py:1284} INFO - Starting attempt 17 of 17
[2024-05-27T23:27:18.658+0000] {taskinstance.py:1285} INFO - 
--------------------------------------------------------------------------------
[2024-05-27T23:27:18.681+0000] {taskinstance.py:1304} INFO - Executing <Task(DockerOperator): ti_load_stage_data> on 2024-05-27 21:49:08.726117+00:00
[2024-05-27T23:27:18.689+0000] {standard_task_runner.py:55} INFO - Started process 16863 to run task
[2024-05-27T23:27:18.693+0000] {standard_task_runner.py:82} INFO - Running: ['***', 'tasks', 'run', 'franko_lookup_ingest', 'ti_load_stage_data', 'manual__2024-05-27T21:49:08.726117+00:00', '--job-id', '107', '--raw', '--subdir', 'DAGS_FOLDER/challenge_dag.py', '--cfg-path', '/tmp/tmpr9_tnt0t']
[2024-05-27T23:27:18.693+0000] {standard_task_runner.py:83} INFO - Job 107: Subtask ti_load_stage_data
[2024-05-27T23:27:18.773+0000] {task_command.py:389} INFO - Running <TaskInstance: franko_lookup_ingest.ti_load_stage_data manual__2024-05-27T21:49:08.726117+00:00 [running]> on host a64b6410e10e
[2024-05-27T23:27:18.871+0000] {taskinstance.py:1513} INFO - Exporting the following env vars:
AIRFLOW_CTX_DAG_OWNER=***
AIRFLOW_CTX_DAG_ID=franko_lookup_ingest
AIRFLOW_CTX_TASK_ID=ti_load_stage_data
AIRFLOW_CTX_EXECUTION_DATE=2024-05-27T21:49:08.726117+00:00
AIRFLOW_CTX_TRY_NUMBER=17
AIRFLOW_CTX_DAG_RUN_ID=manual__2024-05-27T21:49:08.726117+00:00
[2024-05-27T23:27:18.897+0000] {docker.py:284} INFO - Starting docker container from image my_dbt
[2024-05-27T23:27:22.249+0000] {docker.py:354} INFO - [0m23:27:22  Running with dbt=1.5.11
[2024-05-27T23:27:22.452+0000] {docker.py:354} INFO - [0m23:27:22  Registered adapter: postgres=1.5.11
[2024-05-27T23:27:22.571+0000] {docker.py:354} INFO - [0m23:27:22  Found 4 models, 4 tests, 0 snapshots, 0 analyses, 422 macros, 0 operations, 1 seed file, 1 source, 0 exposures, 0 metrics, 0 groups
[2024-05-27T23:27:22.575+0000] {docker.py:354} INFO - [0m23:27:22
[2024-05-27T23:27:22.688+0000] {docker.py:354} INFO - [0m23:27:22  Concurrency: 4 threads (target='dev')
[2024-05-27T23:27:22.688+0000] {docker.py:354} INFO - [0m23:27:22
[2024-05-27T23:27:22.693+0000] {docker.py:354} INFO - [0m23:27:22  1 of 2 START sql table model dev.silver_covid_geo .............................. [RUN]
[2024-05-27T23:27:23.266+0000] {docker.py:354} INFO - [0m23:27:23  1 of 2 OK created sql table model dev.silver_covid_geo ......................... [[32mSELECT 283[0m in 0.57s]
[2024-05-27T23:27:23.269+0000] {docker.py:354} INFO - [0m23:27:23  2 of 2 START sql view model dev.silver_unpivot_covid_geo ....................... [RUN]
[2024-05-27T23:27:25.173+0000] {docker.py:354} INFO - [0m23:27:25  2 of 2 OK created sql view model dev.silver_unpivot_covid_geo .................. [[32mCREATE VIEW[0m in 1.90s]
[2024-05-27T23:27:25.246+0000] {docker.py:354} INFO - [0m23:27:25
[2024-05-27T23:27:25.246+0000] {docker.py:354} INFO - [0m23:27:25  Finished running 1 table model, 1 view model in 0 hours 0 minutes and 2.67 seconds (2.67s).
[2024-05-27T23:27:25.260+0000] {docker.py:354} INFO - [0m23:27:25
[2024-05-27T23:27:25.261+0000] {docker.py:354} INFO - [0m23:27:25  [32mCompleted successfully[0m
[2024-05-27T23:27:25.261+0000] {docker.py:354} INFO - [0m23:27:25
[2024-05-27T23:27:25.261+0000] {docker.py:354} INFO - [0m23:27:25  Done. PASS=2 WARN=0 ERROR=0 SKIP=0 TOTAL=2
[2024-05-27T23:27:26.205+0000] {taskinstance.py:1327} INFO - Marking task as SUCCESS. dag_id=franko_lookup_ingest, task_id=ti_load_stage_data, execution_date=20240527T214908, start_date=20240527T232718, end_date=20240527T232726
[2024-05-27T23:27:26.252+0000] {local_task_job.py:159} INFO - Task exited with return code 0
[2024-05-27T23:27:26.275+0000] {taskinstance.py:2582} INFO - 0 downstream tasks scheduled from follow-on schedule check
