[2024-05-28T02:15:30.287+0000] {taskinstance.py:1087} INFO - Dependencies all met for <TaskInstance: franko_lookup_ingest.ti_load_stage_data manual__2024-05-27T21:49:08.726117+00:00 [queued]>
[2024-05-28T02:15:30.301+0000] {taskinstance.py:1087} INFO - Dependencies all met for <TaskInstance: franko_lookup_ingest.ti_load_stage_data manual__2024-05-27T21:49:08.726117+00:00 [queued]>
[2024-05-28T02:15:30.302+0000] {taskinstance.py:1283} INFO - 
--------------------------------------------------------------------------------
[2024-05-28T02:15:30.302+0000] {taskinstance.py:1284} INFO - Starting attempt 19 of 19
[2024-05-28T02:15:30.302+0000] {taskinstance.py:1285} INFO - 
--------------------------------------------------------------------------------
[2024-05-28T02:15:30.321+0000] {taskinstance.py:1304} INFO - Executing <Task(DockerOperator): ti_load_stage_data> on 2024-05-27 21:49:08.726117+00:00
[2024-05-28T02:15:30.327+0000] {standard_task_runner.py:55} INFO - Started process 6814 to run task
[2024-05-28T02:15:30.331+0000] {standard_task_runner.py:82} INFO - Running: ['***', 'tasks', 'run', 'franko_lookup_ingest', 'ti_load_stage_data', 'manual__2024-05-27T21:49:08.726117+00:00', '--job-id', '193', '--raw', '--subdir', 'DAGS_FOLDER/challenge_dag.py', '--cfg-path', '/tmp/tmp1q4016e6']
[2024-05-28T02:15:30.332+0000] {standard_task_runner.py:83} INFO - Job 193: Subtask ti_load_stage_data
[2024-05-28T02:15:30.403+0000] {task_command.py:389} INFO - Running <TaskInstance: franko_lookup_ingest.ti_load_stage_data manual__2024-05-27T21:49:08.726117+00:00 [running]> on host a64b6410e10e
[2024-05-28T02:15:30.498+0000] {taskinstance.py:1513} INFO - Exporting the following env vars:
AIRFLOW_CTX_DAG_OWNER=***
AIRFLOW_CTX_DAG_ID=franko_lookup_ingest
AIRFLOW_CTX_TASK_ID=ti_load_stage_data
AIRFLOW_CTX_EXECUTION_DATE=2024-05-27T21:49:08.726117+00:00
AIRFLOW_CTX_TRY_NUMBER=19
AIRFLOW_CTX_DAG_RUN_ID=manual__2024-05-27T21:49:08.726117+00:00
[2024-05-28T02:15:30.524+0000] {docker.py:284} INFO - Starting docker container from image my_dbt
[2024-05-28T02:15:34.365+0000] {docker.py:354} INFO - [0m02:15:34  Running with dbt=1.5.11
[2024-05-28T02:15:34.539+0000] {docker.py:354} INFO - [0m02:15:34  Registered adapter: postgres=1.5.11
[2024-05-28T02:15:34.719+0000] {docker.py:354} INFO - [0m02:15:34  Found 6 models, 4 tests, 0 snapshots, 0 analyses, 422 macros, 0 operations, 1 seed file, 1 source, 0 exposures, 0 metrics, 0 groups
[2024-05-28T02:15:34.721+0000] {docker.py:354} INFO - [0m02:15:34
[2024-05-28T02:15:34.835+0000] {docker.py:354} INFO - [0m02:15:34  Concurrency: 4 threads (target='dev')
[2024-05-28T02:15:34.836+0000] {docker.py:354} INFO - [0m02:15:34
[2024-05-28T02:15:34.840+0000] {docker.py:354} INFO - [0m02:15:34  1 of 2 START sql table model dev.silver_covid_geo .............................. [RUN]
[2024-05-28T02:15:35.794+0000] {docker.py:354} INFO - [0m02:15:35  1 of 2 OK created sql table model dev.silver_covid_geo ......................... [[32mSELECT 283[0m in 0.95s]
[2024-05-28T02:15:35.797+0000] {docker.py:354} INFO - [0m02:15:35  2 of 2 START sql view model dev.silver_unpivot_covid_geo ....................... [RUN]
[2024-05-28T02:15:37.438+0000] {docker.py:354} INFO - [0m02:15:37  2 of 2 OK created sql view model dev.silver_unpivot_covid_geo .................. [[32mCREATE VIEW[0m in 1.64s]
[2024-05-28T02:15:37.490+0000] {docker.py:354} INFO - [0m02:15:37
[2024-05-28T02:15:37.491+0000] {docker.py:354} INFO - [0m02:15:37  Finished running 1 table model, 1 view model in 0 hours 0 minutes and 2.77 seconds (2.77s).
[2024-05-28T02:15:37.528+0000] {docker.py:354} INFO - [0m02:15:37
[2024-05-28T02:15:37.528+0000] {docker.py:354} INFO - [0m02:15:37  [32mCompleted successfully[0m
[2024-05-28T02:15:37.528+0000] {docker.py:354} INFO - [0m02:15:37
[2024-05-28T02:15:37.529+0000] {docker.py:354} INFO - [0m02:15:37  Done. PASS=2 WARN=0 ERROR=0 SKIP=0 TOTAL=2
[2024-05-28T02:15:38.405+0000] {taskinstance.py:1327} INFO - Marking task as SUCCESS. dag_id=franko_lookup_ingest, task_id=ti_load_stage_data, execution_date=20240527T214908, start_date=20240528T021530, end_date=20240528T021538
[2024-05-28T02:15:38.440+0000] {local_task_job.py:159} INFO - Task exited with return code 0
[2024-05-28T02:15:38.477+0000] {taskinstance.py:2582} INFO - 1 downstream tasks scheduled from follow-on schedule check
