[2024-05-27T21:54:40.401+0000] {taskinstance.py:1087} INFO - Dependencies all met for <TaskInstance: franko_lookup_ingest.ti_load_stage_data manual__2024-05-27T21:49:08.726117+00:00 [queued]>
[2024-05-27T21:54:40.427+0000] {taskinstance.py:1087} INFO - Dependencies all met for <TaskInstance: franko_lookup_ingest.ti_load_stage_data manual__2024-05-27T21:49:08.726117+00:00 [queued]>
[2024-05-27T21:54:40.428+0000] {taskinstance.py:1283} INFO - 
--------------------------------------------------------------------------------
[2024-05-27T21:54:40.428+0000] {taskinstance.py:1284} INFO - Starting attempt 1 of 1
[2024-05-27T21:54:40.428+0000] {taskinstance.py:1285} INFO - 
--------------------------------------------------------------------------------
[2024-05-27T21:54:40.467+0000] {taskinstance.py:1304} INFO - Executing <Task(DockerOperator): ti_load_stage_data> on 2024-05-27 21:49:08.726117+00:00
[2024-05-27T21:54:40.481+0000] {standard_task_runner.py:55} INFO - Started process 9485 to run task
[2024-05-27T21:54:40.487+0000] {standard_task_runner.py:82} INFO - Running: ['***', 'tasks', 'run', 'franko_lookup_ingest', 'ti_load_stage_data', 'manual__2024-05-27T21:49:08.726117+00:00', '--job-id', '87', '--raw', '--subdir', 'DAGS_FOLDER/challenge_dag.py', '--cfg-path', '/tmp/tmpjctdah2v']
[2024-05-27T21:54:40.488+0000] {standard_task_runner.py:83} INFO - Job 87: Subtask ti_load_stage_data
[2024-05-27T21:54:40.731+0000] {task_command.py:389} INFO - Running <TaskInstance: franko_lookup_ingest.ti_load_stage_data manual__2024-05-27T21:49:08.726117+00:00 [running]> on host a64b6410e10e
[2024-05-27T21:54:40.943+0000] {taskinstance.py:1513} INFO - Exporting the following env vars:
AIRFLOW_CTX_DAG_OWNER=***
AIRFLOW_CTX_DAG_ID=franko_lookup_ingest
AIRFLOW_CTX_TASK_ID=ti_load_stage_data
AIRFLOW_CTX_EXECUTION_DATE=2024-05-27T21:49:08.726117+00:00
AIRFLOW_CTX_TRY_NUMBER=1
AIRFLOW_CTX_DAG_RUN_ID=manual__2024-05-27T21:49:08.726117+00:00
[2024-05-27T21:54:40.991+0000] {docker.py:284} INFO - Starting docker container from image my_dbt
[2024-05-27T21:54:44.220+0000] {docker.py:354} INFO - [0m21:54:44  Running with dbt=1.5.11
[2024-05-27T21:54:44.418+0000] {docker.py:354} INFO - [0m21:54:44  Registered adapter: postgres=1.5.11
[2024-05-27T21:54:44.486+0000] {docker.py:354} INFO - [0m21:54:44  Found 3 models, 4 tests, 0 snapshots, 0 analyses, 310 macros, 0 operations, 1 seed file, 1 source, 0 exposures, 0 metrics, 0 groups
[2024-05-27T21:54:44.488+0000] {docker.py:354} INFO - [0m21:54:44
[2024-05-27T21:54:44.604+0000] {docker.py:354} INFO - [0m21:54:44  Concurrency: 4 threads (target='dev')
[2024-05-27T21:54:44.605+0000] {docker.py:354} INFO - [0m21:54:44
[2024-05-27T21:54:44.610+0000] {docker.py:354} INFO - [0m21:54:44  1 of 1 START sql table model dev.silver_covid_geo .............................. [RUN]
[2024-05-27T21:54:44.850+0000] {docker.py:354} INFO - [0m21:54:44  1 of 1 OK created sql table model dev.silver_covid_geo ......................... [[32mSELECT 289[0m in 0.24s]
[2024-05-27T21:54:44.929+0000] {docker.py:354} INFO - [0m21:54:44
[2024-05-27T21:54:44.929+0000] {docker.py:354} INFO - [0m21:54:44  Finished running 1 table model in 0 hours 0 minutes and 0.44 seconds (0.44s).
[2024-05-27T21:54:44.938+0000] {docker.py:354} INFO - [0m21:54:44
[2024-05-27T21:54:44.939+0000] {docker.py:354} INFO - [0m21:54:44  [32mCompleted successfully[0m
[2024-05-27T21:54:44.939+0000] {docker.py:354} INFO - [0m21:54:44
[2024-05-27T21:54:44.940+0000] {docker.py:354} INFO - [0m21:54:44  Done. PASS=1 WARN=0 ERROR=0 SKIP=0 TOTAL=1
[2024-05-27T21:54:46.084+0000] {taskinstance.py:1327} INFO - Marking task as SUCCESS. dag_id=franko_lookup_ingest, task_id=ti_load_stage_data, execution_date=20240527T214908, start_date=20240527T215440, end_date=20240527T215446
[2024-05-27T21:54:46.133+0000] {local_task_job.py:159} INFO - Task exited with return code 0
[2024-05-27T21:54:46.164+0000] {taskinstance.py:2582} INFO - 0 downstream tasks scheduled from follow-on schedule check
