[2024-05-27T22:58:39.357+0000] {taskinstance.py:1087} INFO - Dependencies all met for <TaskInstance: franko_lookup_ingest.ti_load_stage_data manual__2024-05-27T21:49:08.726117+00:00 [queued]>
[2024-05-27T22:58:39.369+0000] {taskinstance.py:1087} INFO - Dependencies all met for <TaskInstance: franko_lookup_ingest.ti_load_stage_data manual__2024-05-27T21:49:08.726117+00:00 [queued]>
[2024-05-27T22:58:39.370+0000] {taskinstance.py:1283} INFO - 
--------------------------------------------------------------------------------
[2024-05-27T22:58:39.370+0000] {taskinstance.py:1284} INFO - Starting attempt 14 of 14
[2024-05-27T22:58:39.370+0000] {taskinstance.py:1285} INFO - 
--------------------------------------------------------------------------------
[2024-05-27T22:58:39.388+0000] {taskinstance.py:1304} INFO - Executing <Task(DockerOperator): ti_load_stage_data> on 2024-05-27 21:49:08.726117+00:00
[2024-05-27T22:58:39.394+0000] {standard_task_runner.py:55} INFO - Started process 14525 to run task
[2024-05-27T22:58:39.397+0000] {standard_task_runner.py:82} INFO - Running: ['***', 'tasks', 'run', 'franko_lookup_ingest', 'ti_load_stage_data', 'manual__2024-05-27T21:49:08.726117+00:00', '--job-id', '100', '--raw', '--subdir', 'DAGS_FOLDER/challenge_dag.py', '--cfg-path', '/tmp/tmpo9c69bub']
[2024-05-27T22:58:39.397+0000] {standard_task_runner.py:83} INFO - Job 100: Subtask ti_load_stage_data
[2024-05-27T22:58:39.458+0000] {task_command.py:389} INFO - Running <TaskInstance: franko_lookup_ingest.ti_load_stage_data manual__2024-05-27T21:49:08.726117+00:00 [running]> on host a64b6410e10e
[2024-05-27T22:58:39.534+0000] {taskinstance.py:1513} INFO - Exporting the following env vars:
AIRFLOW_CTX_DAG_OWNER=***
AIRFLOW_CTX_DAG_ID=franko_lookup_ingest
AIRFLOW_CTX_TASK_ID=ti_load_stage_data
AIRFLOW_CTX_EXECUTION_DATE=2024-05-27T21:49:08.726117+00:00
AIRFLOW_CTX_TRY_NUMBER=14
AIRFLOW_CTX_DAG_RUN_ID=manual__2024-05-27T21:49:08.726117+00:00
[2024-05-27T22:58:39.553+0000] {docker.py:284} INFO - Starting docker container from image my_dbt
[2024-05-27T22:58:41.920+0000] {docker.py:354} INFO - [0m22:58:41  Running with dbt=1.5.11
[2024-05-27T22:58:42.073+0000] {docker.py:354} INFO - [0m22:58:42  Registered adapter: postgres=1.5.11
[2024-05-27T22:58:42.112+0000] {docker.py:354} INFO - [0m22:58:42  Unable to do partial parsing because a project dependency has been added
[2024-05-27T22:58:43.949+0000] {docker.py:354} INFO - [0m22:58:43  Found 4 models, 4 tests, 0 snapshots, 0 analyses, 422 macros, 0 operations, 1 seed file, 1 source, 0 exposures, 0 metrics, 0 groups
[2024-05-27T22:58:43.951+0000] {docker.py:354} INFO - [0m22:58:43
[2024-05-27T22:58:44.088+0000] {docker.py:354} INFO - [0m22:58:44  Concurrency: 4 threads (target='dev')
[2024-05-27T22:58:44.089+0000] {docker.py:354} INFO - [0m22:58:44
[2024-05-27T22:58:44.093+0000] {docker.py:354} INFO - [0m22:58:44  1 of 2 START sql table model dev.silver_covid_geo .............................. [RUN]
[2024-05-27T22:58:44.419+0000] {docker.py:354} INFO - [0m22:58:44  1 of 2 OK created sql table model dev.silver_covid_geo ......................... [[32mSELECT 283[0m in 0.32s]
[2024-05-27T22:58:44.424+0000] {docker.py:354} INFO - [0m22:58:44  2 of 2 START sql view model dev.silver_unpivot_covid_geo ....................... [RUN]
[2024-05-27T22:58:46.807+0000] {docker.py:354} INFO - [0m22:58:46  2 of 2 OK created sql view model dev.silver_unpivot_covid_geo .................. [[32mCREATE VIEW[0m in 2.38s]
[2024-05-27T22:58:46.879+0000] {docker.py:354} INFO - [0m22:58:46
[2024-05-27T22:58:46.882+0000] {docker.py:354} INFO - [0m22:58:46  Finished running 1 table model, 1 view model in 0 hours 0 minutes and 2.93 seconds (2.93s).
[2024-05-27T22:58:46.905+0000] {docker.py:354} INFO - [0m22:58:46
[2024-05-27T22:58:46.906+0000] {docker.py:354} INFO - [0m22:58:46  [32mCompleted successfully[0m
[2024-05-27T22:58:46.906+0000] {docker.py:354} INFO - [0m22:58:46
[2024-05-27T22:58:46.907+0000] {docker.py:354} INFO - [0m22:58:46  Done. PASS=2 WARN=0 ERROR=0 SKIP=0 TOTAL=2
[2024-05-27T22:58:47.963+0000] {taskinstance.py:1327} INFO - Marking task as SUCCESS. dag_id=franko_lookup_ingest, task_id=ti_load_stage_data, execution_date=20240527T214908, start_date=20240527T225839, end_date=20240527T225847
[2024-05-27T22:58:48.008+0000] {local_task_job.py:159} INFO - Task exited with return code 0
[2024-05-27T22:58:48.029+0000] {taskinstance.py:2582} INFO - 0 downstream tasks scheduled from follow-on schedule check
