[2024-05-28T03:11:12.775+0000] {taskinstance.py:1087} INFO - Dependencies all met for <TaskInstance: franko_lookup_ingest.ti_load_target_data scheduled__2024-05-26T08:00:00+00:00 [queued]>
[2024-05-28T03:11:12.788+0000] {taskinstance.py:1087} INFO - Dependencies all met for <TaskInstance: franko_lookup_ingest.ti_load_target_data scheduled__2024-05-26T08:00:00+00:00 [queued]>
[2024-05-28T03:11:12.788+0000] {taskinstance.py:1283} INFO - 
--------------------------------------------------------------------------------
[2024-05-28T03:11:12.788+0000] {taskinstance.py:1284} INFO - Starting attempt 1 of 1
[2024-05-28T03:11:12.788+0000] {taskinstance.py:1285} INFO - 
--------------------------------------------------------------------------------
[2024-05-28T03:11:12.805+0000] {taskinstance.py:1304} INFO - Executing <Task(DockerOperator): ti_load_target_data> on 2024-05-26 08:00:00+00:00
[2024-05-28T03:11:12.810+0000] {standard_task_runner.py:55} INFO - Started process 888 to run task
[2024-05-28T03:11:12.814+0000] {standard_task_runner.py:82} INFO - Running: ['***', 'tasks', 'run', 'franko_lookup_ingest', 'ti_load_target_data', 'scheduled__2024-05-26T08:00:00+00:00', '--job-id', '280', '--raw', '--subdir', 'DAGS_FOLDER/challenge_dag.py', '--cfg-path', '/tmp/tmpx93u2ha_']
[2024-05-28T03:11:12.815+0000] {standard_task_runner.py:83} INFO - Job 280: Subtask ti_load_target_data
[2024-05-28T03:11:12.880+0000] {task_command.py:389} INFO - Running <TaskInstance: franko_lookup_ingest.ti_load_target_data scheduled__2024-05-26T08:00:00+00:00 [running]> on host a64b6410e10e
[2024-05-28T03:11:12.960+0000] {taskinstance.py:1513} INFO - Exporting the following env vars:
AIRFLOW_CTX_DAG_OWNER=***
AIRFLOW_CTX_DAG_ID=franko_lookup_ingest
AIRFLOW_CTX_TASK_ID=ti_load_target_data
AIRFLOW_CTX_EXECUTION_DATE=2024-05-26T08:00:00+00:00
AIRFLOW_CTX_TRY_NUMBER=1
AIRFLOW_CTX_DAG_RUN_ID=scheduled__2024-05-26T08:00:00+00:00
[2024-05-28T03:11:12.980+0000] {docker.py:284} INFO - Starting docker container from image my_dbt
[2024-05-28T03:11:15.421+0000] {docker.py:354} INFO - [0m03:11:15  Running with dbt=1.5.11
[2024-05-28T03:11:15.608+0000] {docker.py:354} INFO - [0m03:11:15  Registered adapter: postgres=1.5.11
[2024-05-28T03:11:15.704+0000] {docker.py:354} INFO - [0m03:11:15  Found 6 models, 6 tests, 0 snapshots, 0 analyses, 422 macros, 0 operations, 1 seed file, 1 source, 0 exposures, 0 metrics, 0 groups
[2024-05-28T03:11:15.706+0000] {docker.py:354} INFO - [0m03:11:15
[2024-05-28T03:11:15.830+0000] {docker.py:354} INFO - [0m03:11:15  Concurrency: 4 threads (target='dev')
[2024-05-28T03:11:15.831+0000] {docker.py:354} INFO - [0m03:11:15
[2024-05-28T03:11:15.836+0000] {docker.py:354} INFO - [0m03:11:15  1 of 2 START sql table model dev.golden_data ................................... [RUN]
[2024-05-28T03:13:09.863+0000] {docker.py:354} INFO - [0m03:13:09  1 of 2 OK created sql table model dev.golden_data .............................. [[32mSELECT 9144[0m in 114.03s]
[2024-05-28T03:13:09.865+0000] {docker.py:354} INFO - [0m03:13:09  2 of 2 START sql table model dev.golden_mart_data .............................. [RUN]
[2024-05-28T03:13:09.924+0000] {docker.py:354} INFO - [0m03:13:09  2 of 2 OK created sql table model dev.golden_mart_data ......................... [[32mSELECT 8[0m in 0.06s]
[2024-05-28T03:13:10.003+0000] {docker.py:354} INFO - [0m03:13:10
[2024-05-28T03:13:10.003+0000] {docker.py:354} INFO - [0m03:13:10  Finished running 2 table models in 0 hours 1 minutes and 54.30 seconds (114.30s).
[2024-05-28T03:13:10.022+0000] {docker.py:354} INFO - [0m03:13:10
[2024-05-28T03:13:10.023+0000] {docker.py:354} INFO - [0m03:13:10  [32mCompleted successfully[0m
[2024-05-28T03:13:10.023+0000] {docker.py:354} INFO - [0m03:13:10
[2024-05-28T03:13:10.024+0000] {docker.py:354} INFO - [0m03:13:10  Done. PASS=2 WARN=0 ERROR=0 SKIP=0 TOTAL=2
[2024-05-28T03:13:11.158+0000] {taskinstance.py:1327} INFO - Marking task as SUCCESS. dag_id=franko_lookup_ingest, task_id=ti_load_target_data, execution_date=20240526T080000, start_date=20240528T031112, end_date=20240528T031311
[2024-05-28T03:13:11.187+0000] {local_task_job.py:159} INFO - Task exited with return code 0
[2024-05-28T03:13:11.211+0000] {taskinstance.py:2582} INFO - 1 downstream tasks scheduled from follow-on schedule check
