[2024-05-28T02:02:31.621+0000] {taskinstance.py:1087} INFO - Dependencies all met for <TaskInstance: franko_lookup_ingest.ti_load_target_data manual__2024-05-27T21:49:08.726117+00:00 [queued]>
[2024-05-28T02:02:31.633+0000] {taskinstance.py:1087} INFO - Dependencies all met for <TaskInstance: franko_lookup_ingest.ti_load_target_data manual__2024-05-27T21:49:08.726117+00:00 [queued]>
[2024-05-28T02:02:31.633+0000] {taskinstance.py:1283} INFO - 
--------------------------------------------------------------------------------
[2024-05-28T02:02:31.633+0000] {taskinstance.py:1284} INFO - Starting attempt 12 of 12
[2024-05-28T02:02:31.633+0000] {taskinstance.py:1285} INFO - 
--------------------------------------------------------------------------------
[2024-05-28T02:02:31.652+0000] {taskinstance.py:1304} INFO - Executing <Task(DockerOperator): ti_load_target_data> on 2024-05-27 21:49:08.726117+00:00
[2024-05-28T02:02:31.657+0000] {standard_task_runner.py:55} INFO - Started process 5776 to run task
[2024-05-28T02:02:31.662+0000] {standard_task_runner.py:82} INFO - Running: ['***', 'tasks', 'run', 'franko_lookup_ingest', 'ti_load_target_data', 'manual__2024-05-27T21:49:08.726117+00:00', '--job-id', '188', '--raw', '--subdir', 'DAGS_FOLDER/challenge_dag.py', '--cfg-path', '/tmp/tmpfm6sd198']
[2024-05-28T02:02:31.662+0000] {standard_task_runner.py:83} INFO - Job 188: Subtask ti_load_target_data
[2024-05-28T02:02:31.733+0000] {task_command.py:389} INFO - Running <TaskInstance: franko_lookup_ingest.ti_load_target_data manual__2024-05-27T21:49:08.726117+00:00 [running]> on host a64b6410e10e
[2024-05-28T02:02:31.821+0000] {taskinstance.py:1513} INFO - Exporting the following env vars:
AIRFLOW_CTX_DAG_OWNER=***
AIRFLOW_CTX_DAG_ID=franko_lookup_ingest
AIRFLOW_CTX_TASK_ID=ti_load_target_data
AIRFLOW_CTX_EXECUTION_DATE=2024-05-27T21:49:08.726117+00:00
AIRFLOW_CTX_TRY_NUMBER=12
AIRFLOW_CTX_DAG_RUN_ID=manual__2024-05-27T21:49:08.726117+00:00
[2024-05-28T02:02:31.858+0000] {docker.py:284} INFO - Starting docker container from image my_dbt
[2024-05-28T02:02:35.047+0000] {docker.py:354} INFO - [0m02:02:35  Running with dbt=1.5.11
[2024-05-28T02:02:35.212+0000] {docker.py:354} INFO - [0m02:02:35  Registered adapter: postgres=1.5.11
[2024-05-28T02:02:35.370+0000] {docker.py:354} INFO - [0m02:02:35  Found 5 models, 4 tests, 0 snapshots, 0 analyses, 422 macros, 0 operations, 1 seed file, 1 source, 0 exposures, 0 metrics, 0 groups
[2024-05-28T02:02:35.372+0000] {docker.py:354} INFO - [0m02:02:35
[2024-05-28T02:02:35.467+0000] {docker.py:354} INFO - [0m02:02:35  Concurrency: 4 threads (target='dev')
[2024-05-28T02:02:35.468+0000] {docker.py:354} INFO - [0m02:02:35
[2024-05-28T02:02:35.471+0000] {docker.py:354} INFO - [0m02:02:35  1 of 1 START sql table model dev.golden_data ................................... [RUN]
[2024-05-28T02:02:42.025+0000] {docker.py:354} INFO - [0m02:02:42  1 of 1 OK created sql table model dev.golden_data .............................. [[32mSELECT 323469[0m in 6.55s]
[2024-05-28T02:02:42.106+0000] {docker.py:354} INFO - [0m02:02:42
[2024-05-28T02:02:42.109+0000] {docker.py:354} INFO - [0m02:02:42  Finished running 1 table model in 0 hours 0 minutes and 6.73 seconds (6.73s).
[2024-05-28T02:02:42.137+0000] {docker.py:354} INFO - [0m02:02:42
[2024-05-28T02:02:42.139+0000] {docker.py:354} INFO - [0m02:02:42  [32mCompleted successfully[0m
[2024-05-28T02:02:42.140+0000] {docker.py:354} INFO - [0m02:02:42
[2024-05-28T02:02:42.141+0000] {docker.py:354} INFO - [0m02:02:42  Done. PASS=1 WARN=0 ERROR=0 SKIP=0 TOTAL=1
[2024-05-28T02:02:43.747+0000] {taskinstance.py:1327} INFO - Marking task as SUCCESS. dag_id=franko_lookup_ingest, task_id=ti_load_target_data, execution_date=20240527T214908, start_date=20240528T020231, end_date=20240528T020243
[2024-05-28T02:02:43.809+0000] {local_task_job.py:159} INFO - Task exited with return code 0
[2024-05-28T02:02:43.834+0000] {taskinstance.py:2582} INFO - 0 downstream tasks scheduled from follow-on schedule check
