[2024-05-28T00:04:08.766+0000] {taskinstance.py:1087} INFO - Dependencies all met for <TaskInstance: franko_lookup_ingest.ti_load_target_data manual__2024-05-27T21:49:08.726117+00:00 [queued]>
[2024-05-28T00:04:08.811+0000] {taskinstance.py:1087} INFO - Dependencies all met for <TaskInstance: franko_lookup_ingest.ti_load_target_data manual__2024-05-27T21:49:08.726117+00:00 [queued]>
[2024-05-28T00:04:08.811+0000] {taskinstance.py:1283} INFO - 
--------------------------------------------------------------------------------
[2024-05-28T00:04:08.812+0000] {taskinstance.py:1284} INFO - Starting attempt 7 of 7
[2024-05-28T00:04:08.812+0000] {taskinstance.py:1285} INFO - 
--------------------------------------------------------------------------------
[2024-05-28T00:04:08.855+0000] {taskinstance.py:1304} INFO - Executing <Task(DockerOperator): ti_load_target_data> on 2024-05-27 21:49:08.726117+00:00
[2024-05-28T00:04:08.868+0000] {standard_task_runner.py:55} INFO - Started process 377 to run task
[2024-05-28T00:04:08.873+0000] {standard_task_runner.py:82} INFO - Running: ['***', 'tasks', 'run', 'franko_lookup_ingest', 'ti_load_target_data', 'manual__2024-05-27T21:49:08.726117+00:00', '--job-id', '150', '--raw', '--subdir', 'DAGS_FOLDER/challenge_dag.py', '--cfg-path', '/tmp/tmpql8nzcl5']
[2024-05-28T00:04:08.874+0000] {standard_task_runner.py:83} INFO - Job 150: Subtask ti_load_target_data
[2024-05-28T00:04:08.982+0000] {task_command.py:389} INFO - Running <TaskInstance: franko_lookup_ingest.ti_load_target_data manual__2024-05-27T21:49:08.726117+00:00 [running]> on host a64b6410e10e
[2024-05-28T00:04:09.106+0000] {taskinstance.py:1513} INFO - Exporting the following env vars:
AIRFLOW_CTX_DAG_OWNER=***
AIRFLOW_CTX_DAG_ID=franko_lookup_ingest
AIRFLOW_CTX_TASK_ID=ti_load_target_data
AIRFLOW_CTX_EXECUTION_DATE=2024-05-27T21:49:08.726117+00:00
AIRFLOW_CTX_TRY_NUMBER=7
AIRFLOW_CTX_DAG_RUN_ID=manual__2024-05-27T21:49:08.726117+00:00
[2024-05-28T00:04:09.136+0000] {docker.py:284} INFO - Starting docker container from image my_dbt
[2024-05-28T00:04:12.293+0000] {docker.py:354} INFO - [0m00:04:12  Running with dbt=1.5.11
[2024-05-28T00:04:12.445+0000] {docker.py:354} INFO - [0m00:04:12  Registered adapter: postgres=1.5.11
[2024-05-28T00:04:12.589+0000] {docker.py:354} INFO - [0m00:04:12  Found 5 models, 4 tests, 0 snapshots, 0 analyses, 422 macros, 0 operations, 1 seed file, 1 source, 0 exposures, 0 metrics, 0 groups
[2024-05-28T00:04:12.591+0000] {docker.py:354} INFO - [0m00:04:12
[2024-05-28T00:04:12.702+0000] {docker.py:354} INFO - [0m00:04:12  Concurrency: 4 threads (target='dev')
[2024-05-28T00:04:12.703+0000] {docker.py:354} INFO - [0m00:04:12
[2024-05-28T00:04:12.708+0000] {docker.py:354} INFO - [0m00:04:12  1 of 1 START sql table model dev.golden_data ................................... [RUN]
