[2024-05-28T02:21:55.197+0000] {taskinstance.py:1087} INFO - Dependencies all met for <TaskInstance: franko_lookup_ingest.ti_load_target_data manual__2024-05-27T21:49:08.726117+00:00 [queued]>
[2024-05-28T02:21:55.214+0000] {taskinstance.py:1087} INFO - Dependencies all met for <TaskInstance: franko_lookup_ingest.ti_load_target_data manual__2024-05-27T21:49:08.726117+00:00 [queued]>
[2024-05-28T02:21:55.214+0000] {taskinstance.py:1283} INFO - 
--------------------------------------------------------------------------------
[2024-05-28T02:21:55.215+0000] {taskinstance.py:1284} INFO - Starting attempt 19 of 19
[2024-05-28T02:21:55.215+0000] {taskinstance.py:1285} INFO - 
--------------------------------------------------------------------------------
[2024-05-28T02:21:55.228+0000] {taskinstance.py:1304} INFO - Executing <Task(DockerOperator): ti_load_target_data> on 2024-05-27 21:49:08.726117+00:00
[2024-05-28T02:21:55.233+0000] {standard_task_runner.py:55} INFO - Started process 7315 to run task
[2024-05-28T02:21:55.235+0000] {standard_task_runner.py:82} INFO - Running: ['***', 'tasks', 'run', 'franko_lookup_ingest', 'ti_load_target_data', 'manual__2024-05-27T21:49:08.726117+00:00', '--job-id', '196', '--raw', '--subdir', 'DAGS_FOLDER/challenge_dag.py', '--cfg-path', '/tmp/tmpwa6eetki']
[2024-05-28T02:21:55.236+0000] {standard_task_runner.py:83} INFO - Job 196: Subtask ti_load_target_data
[2024-05-28T02:21:55.292+0000] {task_command.py:389} INFO - Running <TaskInstance: franko_lookup_ingest.ti_load_target_data manual__2024-05-27T21:49:08.726117+00:00 [running]> on host a64b6410e10e
[2024-05-28T02:21:55.365+0000] {taskinstance.py:1513} INFO - Exporting the following env vars:
AIRFLOW_CTX_DAG_OWNER=***
AIRFLOW_CTX_DAG_ID=franko_lookup_ingest
AIRFLOW_CTX_TASK_ID=ti_load_target_data
AIRFLOW_CTX_EXECUTION_DATE=2024-05-27T21:49:08.726117+00:00
AIRFLOW_CTX_TRY_NUMBER=19
AIRFLOW_CTX_DAG_RUN_ID=manual__2024-05-27T21:49:08.726117+00:00
[2024-05-28T02:21:55.396+0000] {docker.py:284} INFO - Starting docker container from image my_dbt
[2024-05-28T02:21:58.811+0000] {docker.py:354} INFO - [0m02:21:58  Running with dbt=1.5.11
[2024-05-28T02:21:59.195+0000] {docker.py:354} INFO - [0m02:21:59  Registered adapter: postgres=1.5.11
[2024-05-28T02:21:59.468+0000] {docker.py:354} INFO - [0m02:21:59  Found 6 models, 4 tests, 0 snapshots, 0 analyses, 422 macros, 0 operations, 1 seed file, 1 source, 0 exposures, 0 metrics, 0 groups
[2024-05-28T02:21:59.471+0000] {docker.py:354} INFO - [0m02:21:59
[2024-05-28T02:21:59.598+0000] {docker.py:354} INFO - [0m02:21:59  Concurrency: 4 threads (target='dev')
[2024-05-28T02:21:59.599+0000] {docker.py:354} INFO - [0m02:21:59
[2024-05-28T02:21:59.604+0000] {docker.py:354} INFO - [0m02:21:59  1 of 2 START sql table model dev.golden_data ................................... [RUN]
