[2024-05-28T02:55:18.642+0000] {taskinstance.py:1087} INFO - Dependencies all met for <TaskInstance: franko_lookup_ingest.ti_load_target_data manual__2024-05-27T21:49:08.726117+00:00 [queued]>
[2024-05-28T02:55:18.664+0000] {taskinstance.py:1087} INFO - Dependencies all met for <TaskInstance: franko_lookup_ingest.ti_load_target_data manual__2024-05-27T21:49:08.726117+00:00 [queued]>
[2024-05-28T02:55:18.664+0000] {taskinstance.py:1283} INFO - 
--------------------------------------------------------------------------------
[2024-05-28T02:55:18.664+0000] {taskinstance.py:1284} INFO - Starting attempt 24 of 24
[2024-05-28T02:55:18.664+0000] {taskinstance.py:1285} INFO - 
--------------------------------------------------------------------------------
[2024-05-28T02:55:18.695+0000] {taskinstance.py:1304} INFO - Executing <Task(DockerOperator): ti_load_target_data> on 2024-05-27 21:49:08.726117+00:00
[2024-05-28T02:55:18.705+0000] {standard_task_runner.py:55} INFO - Started process 2235 to run task
[2024-05-28T02:55:18.711+0000] {standard_task_runner.py:82} INFO - Running: ['***', 'tasks', 'run', 'franko_lookup_ingest', 'ti_load_target_data', 'manual__2024-05-27T21:49:08.726117+00:00', '--job-id', '240', '--raw', '--subdir', 'DAGS_FOLDER/challenge_dag.py', '--cfg-path', '/tmp/tmpjq6n51nz']
[2024-05-28T02:55:18.712+0000] {standard_task_runner.py:83} INFO - Job 240: Subtask ti_load_target_data
[2024-05-28T02:55:18.821+0000] {task_command.py:389} INFO - Running <TaskInstance: franko_lookup_ingest.ti_load_target_data manual__2024-05-27T21:49:08.726117+00:00 [running]> on host a64b6410e10e
[2024-05-28T02:55:18.959+0000] {taskinstance.py:1513} INFO - Exporting the following env vars:
AIRFLOW_CTX_DAG_OWNER=***
AIRFLOW_CTX_DAG_ID=franko_lookup_ingest
AIRFLOW_CTX_TASK_ID=ti_load_target_data
AIRFLOW_CTX_EXECUTION_DATE=2024-05-27T21:49:08.726117+00:00
AIRFLOW_CTX_TRY_NUMBER=24
AIRFLOW_CTX_DAG_RUN_ID=manual__2024-05-27T21:49:08.726117+00:00
[2024-05-28T02:55:18.998+0000] {docker.py:284} INFO - Starting docker container from image my_dbt
[2024-05-28T02:55:24.131+0000] {docker.py:354} INFO - [0m02:55:24  Running with dbt=1.5.11
[2024-05-28T02:55:24.334+0000] {docker.py:354} INFO - [0m02:55:24  Registered adapter: postgres=1.5.11
[2024-05-28T02:55:24.477+0000] {docker.py:354} INFO - [0m02:55:24  Found 6 models, 6 tests, 0 snapshots, 0 analyses, 422 macros, 0 operations, 1 seed file, 1 source, 0 exposures, 0 metrics, 0 groups
[2024-05-28T02:55:24.480+0000] {docker.py:354} INFO - [0m02:55:24
[2024-05-28T02:55:24.583+0000] {docker.py:354} INFO - [0m02:55:24  Concurrency: 4 threads (target='dev')
[2024-05-28T02:55:24.583+0000] {docker.py:354} INFO - [0m02:55:24
[2024-05-28T02:55:24.590+0000] {docker.py:354} INFO - [0m02:55:24  1 of 2 START sql table model dev.golden_data ................................... [RUN]
