[2024-05-27T19:58:45.794+0000] {taskinstance.py:1087} INFO - Dependencies all met for <TaskInstance: franko_python.sleep_for_ manual__2024-05-25T02:02:40.608195+00:00 [queued]>
[2024-05-27T19:58:45.801+0000] {taskinstance.py:1087} INFO - Dependencies all met for <TaskInstance: franko_python.sleep_for_ manual__2024-05-25T02:02:40.608195+00:00 [queued]>
[2024-05-27T19:58:45.801+0000] {taskinstance.py:1283} INFO - 
--------------------------------------------------------------------------------
[2024-05-27T19:58:45.801+0000] {taskinstance.py:1284} INFO - Starting attempt 6 of 6
[2024-05-27T19:58:45.802+0000] {taskinstance.py:1285} INFO - 
--------------------------------------------------------------------------------
[2024-05-27T19:58:45.815+0000] {taskinstance.py:1304} INFO - Executing <Task(PythonOperator): sleep_for_> on 2024-05-25 02:02:40.608195+00:00
[2024-05-27T19:58:45.820+0000] {standard_task_runner.py:55} INFO - Started process 73 to run task
[2024-05-27T19:58:45.823+0000] {standard_task_runner.py:82} INFO - Running: ['***', 'tasks', 'run', 'franko_python', 'sleep_for_', 'manual__2024-05-25T02:02:40.608195+00:00', '--job-id', '75', '--raw', '--subdir', 'DAGS_FOLDER/example_dag.py', '--cfg-path', '/tmp/tmpwkim6a80']
[2024-05-27T19:58:45.823+0000] {standard_task_runner.py:83} INFO - Job 75: Subtask sleep_for_
[2024-05-27T19:58:45.873+0000] {task_command.py:389} INFO - Running <TaskInstance: franko_python.sleep_for_ manual__2024-05-25T02:02:40.608195+00:00 [running]> on host a64b6410e10e
[2024-05-27T19:58:45.931+0000] {taskinstance.py:1513} INFO - Exporting the following env vars:
AIRFLOW_CTX_DAG_OWNER=***
AIRFLOW_CTX_DAG_ID=franko_python
AIRFLOW_CTX_TASK_ID=sleep_for_
AIRFLOW_CTX_EXECUTION_DATE=2024-05-25T02:02:40.608195+00:00
AIRFLOW_CTX_TRY_NUMBER=6
AIRFLOW_CTX_DAG_RUN_ID=manual__2024-05-25T02:02:40.608195+00:00
[2024-05-27T19:58:45.931+0000] {logging_mixin.py:137} INFO - HELLLOOO
[2024-05-27T19:58:45.931+0000] {python.py:177} INFO - Done. Returned value was: None
[2024-05-27T19:58:45.939+0000] {taskinstance.py:1327} INFO - Marking task as SUCCESS. dag_id=franko_python, task_id=sleep_for_, execution_date=20240525T020240, start_date=20240527T195845, end_date=20240527T195845
[2024-05-27T19:58:45.954+0000] {local_task_job.py:159} INFO - Task exited with return code 0
[2024-05-27T19:58:45.974+0000] {taskinstance.py:2582} INFO - 1 downstream tasks scheduled from follow-on schedule check
