[2024-05-27T21:49:10.258+0000] {taskinstance.py:1087} INFO - Dependencies all met for <TaskInstance: franko_lookup_ingest.sleep_for_ manual__2024-05-27T21:49:08.726117+00:00 [queued]>
[2024-05-27T21:49:10.272+0000] {taskinstance.py:1087} INFO - Dependencies all met for <TaskInstance: franko_lookup_ingest.sleep_for_ manual__2024-05-27T21:49:08.726117+00:00 [queued]>
[2024-05-27T21:49:10.273+0000] {taskinstance.py:1283} INFO - 
--------------------------------------------------------------------------------
[2024-05-27T21:49:10.273+0000] {taskinstance.py:1284} INFO - Starting attempt 1 of 1
[2024-05-27T21:49:10.273+0000] {taskinstance.py:1285} INFO - 
--------------------------------------------------------------------------------
[2024-05-27T21:49:10.294+0000] {taskinstance.py:1304} INFO - Executing <Task(PythonOperator): sleep_for_> on 2024-05-27 21:49:08.726117+00:00
[2024-05-27T21:49:10.302+0000] {standard_task_runner.py:55} INFO - Started process 9066 to run task
[2024-05-27T21:49:10.306+0000] {standard_task_runner.py:82} INFO - Running: ['***', 'tasks', 'run', 'franko_lookup_ingest', 'sleep_for_', 'manual__2024-05-27T21:49:08.726117+00:00', '--job-id', '82', '--raw', '--subdir', 'DAGS_FOLDER/challenge_dag.py', '--cfg-path', '/tmp/tmpfpd6jw4i']
[2024-05-27T21:49:10.306+0000] {standard_task_runner.py:83} INFO - Job 82: Subtask sleep_for_
[2024-05-27T21:49:10.383+0000] {task_command.py:389} INFO - Running <TaskInstance: franko_lookup_ingest.sleep_for_ manual__2024-05-27T21:49:08.726117+00:00 [running]> on host a64b6410e10e
[2024-05-27T21:49:10.488+0000] {taskinstance.py:1513} INFO - Exporting the following env vars:
AIRFLOW_CTX_DAG_OWNER=***
AIRFLOW_CTX_DAG_ID=franko_lookup_ingest
AIRFLOW_CTX_TASK_ID=sleep_for_
AIRFLOW_CTX_EXECUTION_DATE=2024-05-27T21:49:08.726117+00:00
AIRFLOW_CTX_TRY_NUMBER=1
AIRFLOW_CTX_DAG_RUN_ID=manual__2024-05-27T21:49:08.726117+00:00
[2024-05-27T21:49:10.489+0000] {logging_mixin.py:137} INFO - HELLLOOO
[2024-05-27T21:49:10.489+0000] {python.py:177} INFO - Done. Returned value was: None
[2024-05-27T21:49:10.505+0000] {taskinstance.py:1327} INFO - Marking task as SUCCESS. dag_id=franko_lookup_ingest, task_id=sleep_for_, execution_date=20240527T214908, start_date=20240527T214910, end_date=20240527T214910
[2024-05-27T21:49:10.556+0000] {local_task_job.py:159} INFO - Task exited with return code 0
[2024-05-27T21:49:10.605+0000] {taskinstance.py:2582} INFO - 1 downstream tasks scheduled from follow-on schedule check
