[2024-05-25T02:06:50.828+0000] {taskinstance.py:1087} INFO - Dependencies all met for <TaskInstance: franko_python.run_after_loop manual__2024-05-25T02:02:40.608195+00:00 [queued]>
[2024-05-25T02:06:50.843+0000] {taskinstance.py:1087} INFO - Dependencies all met for <TaskInstance: franko_python.run_after_loop manual__2024-05-25T02:02:40.608195+00:00 [queued]>
[2024-05-25T02:06:50.844+0000] {taskinstance.py:1283} INFO - 
--------------------------------------------------------------------------------
[2024-05-25T02:06:50.844+0000] {taskinstance.py:1284} INFO - Starting attempt 1 of 1
[2024-05-25T02:06:50.844+0000] {taskinstance.py:1285} INFO - 
--------------------------------------------------------------------------------
[2024-05-25T02:06:50.872+0000] {taskinstance.py:1304} INFO - Executing <Task(BashOperator): run_after_loop> on 2024-05-25 02:02:40.608195+00:00
[2024-05-25T02:06:50.883+0000] {standard_task_runner.py:55} INFO - Started process 15547 to run task
[2024-05-25T02:06:50.888+0000] {standard_task_runner.py:82} INFO - Running: ['***', 'tasks', 'run', 'franko_python', 'run_after_loop', 'manual__2024-05-25T02:02:40.608195+00:00', '--job-id', '5', '--raw', '--subdir', 'DAGS_FOLDER/example_dag.py', '--cfg-path', '/tmp/tmpzggm2gyo']
[2024-05-25T02:06:50.889+0000] {standard_task_runner.py:83} INFO - Job 5: Subtask run_after_loop
[2024-05-25T02:06:51.021+0000] {task_command.py:389} INFO - Running <TaskInstance: franko_python.run_after_loop manual__2024-05-25T02:02:40.608195+00:00 [running]> on host f23e653d3808
[2024-05-25T02:06:51.187+0000] {taskinstance.py:1513} INFO - Exporting the following env vars:
AIRFLOW_CTX_DAG_OWNER=***
AIRFLOW_CTX_DAG_ID=franko_python
AIRFLOW_CTX_TASK_ID=run_after_loop
AIRFLOW_CTX_EXECUTION_DATE=2024-05-25T02:02:40.608195+00:00
AIRFLOW_CTX_TRY_NUMBER=1
AIRFLOW_CTX_DAG_RUN_ID=manual__2024-05-25T02:02:40.608195+00:00
[2024-05-25T02:06:51.189+0000] {subprocess.py:63} INFO - Tmp dir root location: 
 /tmp
[2024-05-25T02:06:51.190+0000] {subprocess.py:75} INFO - Running command: ['/bin/bash', '-c', "ls -alh --color=always / && echo https://***.apache.org/  && echo 'some <code>html</code>'"]
[2024-05-25T02:06:51.215+0000] {subprocess.py:86} INFO - Output:
[2024-05-25T02:06:51.234+0000] {subprocess.py:93} INFO - total 104K
[2024-05-25T02:06:51.235+0000] {subprocess.py:93} INFO - drwxr-xr-x   1 root root 4.0K May 24 22:44 .
[2024-05-25T02:06:51.235+0000] {subprocess.py:93} INFO - drwxr-xr-x   1 root root 4.0K May 24 22:44 ..
[2024-05-25T02:06:51.235+0000] {subprocess.py:93} INFO - -rwxr-xr-x   1 root root    0 May 24 22:44 .dockerenv
[2024-05-25T02:06:51.235+0000] {subprocess.py:93} INFO - -rw-rw-r--   1 root root  282 Dec  2  2022 ***-scheduler-autorestart
[2024-05-25T02:06:51.235+0000] {subprocess.py:93} INFO - drwxr-xr-x   1 root root 4.0K Dec  2  2022 bin
[2024-05-25T02:06:51.235+0000] {subprocess.py:93} INFO - drwxr-xr-x   2 root root 4.0K Sep  3  2022 boot
[2024-05-25T02:06:51.235+0000] {subprocess.py:93} INFO - -rwxrwxr-x   1 root root  562 Dec  2  2022 clean-logs
[2024-05-25T02:06:51.236+0000] {subprocess.py:93} INFO - drwxr-xr-x   5 root root  340 May 24 22:57 dev
[2024-05-25T02:06:51.236+0000] {subprocess.py:93} INFO - -rwxrwxr-x   1 root root  11K Dec  2  2022 entrypoint
[2024-05-25T02:06:51.236+0000] {subprocess.py:93} INFO - drwxr-xr-x   1 root root 4.0K May 24 22:44 etc
[2024-05-25T02:06:51.236+0000] {subprocess.py:93} INFO - drwxr-xr-x   1 root root 4.0K Dec  2  2022 home
[2024-05-25T02:06:51.236+0000] {subprocess.py:93} INFO - drwxr-xr-x   1 root root 4.0K Nov 15  2022 lib
[2024-05-25T02:06:51.236+0000] {subprocess.py:93} INFO - drwxr-xr-x   2 root root 4.0K Nov 14  2022 lib64
[2024-05-25T02:06:51.236+0000] {subprocess.py:93} INFO - drwxr-xr-x   2 root root 4.0K Nov 14  2022 media
[2024-05-25T02:06:51.237+0000] {subprocess.py:93} INFO - drwxr-xr-x   2 root root 4.0K Nov 14  2022 mnt
[2024-05-25T02:06:51.237+0000] {subprocess.py:93} INFO - drwxr-xr-x   1 root root 4.0K Dec  2  2022 opt
[2024-05-25T02:06:51.237+0000] {subprocess.py:93} INFO - dr-xr-xr-x 501 root root    0 May 24 22:57 proc
[2024-05-25T02:06:51.237+0000] {subprocess.py:93} INFO - drwx------   1 root root 4.0K Dec 16 00:07 root
[2024-05-25T02:06:51.237+0000] {subprocess.py:93} INFO - drwxr-xr-x   1 root root 4.0K Dec  2  2022 run
[2024-05-25T02:06:51.237+0000] {subprocess.py:93} INFO - drwxr-xr-x   2 root root 4.0K Nov 14  2022 sbin
[2024-05-25T02:06:51.237+0000] {subprocess.py:93} INFO - drwxr-xr-x   1 root root 4.0K Dec  2  2022 scripts
[2024-05-25T02:06:51.237+0000] {subprocess.py:93} INFO - drwxr-xr-x   2 root root 4.0K Nov 14  2022 srv
[2024-05-25T02:06:51.238+0000] {subprocess.py:93} INFO - dr-xr-xr-x  13 root root    0 May 24 22:57 sys
[2024-05-25T02:06:51.238+0000] {subprocess.py:93} INFO - drwxrwxrwt   1 root root 4.0K May 25 02:06 tmp
[2024-05-25T02:06:51.238+0000] {subprocess.py:93} INFO - drwxr-xr-x   1 root root 4.0K Dec  2  2022 usr
[2024-05-25T02:06:51.238+0000] {subprocess.py:93} INFO - drwxr-xr-x   1 root root 4.0K Nov 14  2022 var
[2024-05-25T02:06:51.238+0000] {subprocess.py:93} INFO - https://***.apache.org/
[2024-05-25T02:06:51.238+0000] {subprocess.py:93} INFO - some <code>html</code>
[2024-05-25T02:06:51.239+0000] {subprocess.py:97} INFO - Command exited with return code 0
[2024-05-25T02:06:51.292+0000] {taskinstance.py:1327} INFO - Marking task as SUCCESS. dag_id=franko_python, task_id=run_after_loop, execution_date=20240525T020240, start_date=20240525T020650, end_date=20240525T020651
[2024-05-25T02:06:51.346+0000] {local_task_job.py:159} INFO - Task exited with return code 0
[2024-05-25T02:06:51.375+0000] {taskinstance.py:2582} INFO - 0 downstream tasks scheduled from follow-on schedule check
