[2024-05-25T03:03:21.442+0000] {taskinstance.py:1087} INFO - Dependencies all met for <TaskInstance: franko_python.run_after_loop manual__2024-05-25T02:02:40.608195+00:00 [queued]>
[2024-05-25T03:03:21.451+0000] {taskinstance.py:1087} INFO - Dependencies all met for <TaskInstance: franko_python.run_after_loop manual__2024-05-25T02:02:40.608195+00:00 [queued]>
[2024-05-25T03:03:21.452+0000] {taskinstance.py:1283} INFO - 
--------------------------------------------------------------------------------
[2024-05-25T03:03:21.452+0000] {taskinstance.py:1284} INFO - Starting attempt 2 of 2
[2024-05-25T03:03:21.452+0000] {taskinstance.py:1285} INFO - 
--------------------------------------------------------------------------------
[2024-05-25T03:03:21.465+0000] {taskinstance.py:1304} INFO - Executing <Task(BashOperator): run_after_loop> on 2024-05-25 02:02:40.608195+00:00
[2024-05-25T03:03:21.470+0000] {standard_task_runner.py:55} INFO - Started process 746 to run task
[2024-05-25T03:03:21.472+0000] {standard_task_runner.py:82} INFO - Running: ['***', 'tasks', 'run', 'franko_python', 'run_after_loop', 'manual__2024-05-25T02:02:40.608195+00:00', '--job-id', '9', '--raw', '--subdir', 'DAGS_FOLDER/example_dag.py', '--cfg-path', '/tmp/tmpi8mltmb8']
[2024-05-25T03:03:21.473+0000] {standard_task_runner.py:83} INFO - Job 9: Subtask run_after_loop
[2024-05-25T03:03:21.522+0000] {task_command.py:389} INFO - Running <TaskInstance: franko_python.run_after_loop manual__2024-05-25T02:02:40.608195+00:00 [running]> on host f23e653d3808
[2024-05-25T03:03:21.587+0000] {taskinstance.py:1513} INFO - Exporting the following env vars:
AIRFLOW_CTX_DAG_OWNER=***
AIRFLOW_CTX_DAG_ID=franko_python
AIRFLOW_CTX_TASK_ID=run_after_loop
AIRFLOW_CTX_EXECUTION_DATE=2024-05-25T02:02:40.608195+00:00
AIRFLOW_CTX_TRY_NUMBER=2
AIRFLOW_CTX_DAG_RUN_ID=manual__2024-05-25T02:02:40.608195+00:00
[2024-05-25T03:03:21.587+0000] {subprocess.py:63} INFO - Tmp dir root location: 
 /tmp
[2024-05-25T03:03:21.588+0000] {subprocess.py:75} INFO - Running command: ['/bin/bash', '-c', 'dbt run']
[2024-05-25T03:03:21.600+0000] {subprocess.py:86} INFO - Output:
[2024-05-25T03:03:21.603+0000] {subprocess.py:93} INFO - /bin/bash: line 1: dbt: command not found
[2024-05-25T03:03:21.603+0000] {subprocess.py:97} INFO - Command exited with return code 127
[2024-05-25T03:03:21.613+0000] {taskinstance.py:1772} ERROR - Task failed with exception
Traceback (most recent call last):
  File "/home/airflow/.local/lib/python3.7/site-packages/airflow/operators/bash.py", line 197, in execute
    f"Bash command failed. The command returned a non-zero exit code {result.exit_code}."
airflow.exceptions.AirflowException: Bash command failed. The command returned a non-zero exit code 127.
[2024-05-25T03:03:21.617+0000] {taskinstance.py:1327} INFO - Marking task as FAILED. dag_id=franko_python, task_id=run_after_loop, execution_date=20240525T020240, start_date=20240525T030321, end_date=20240525T030321
[2024-05-25T03:03:21.631+0000] {standard_task_runner.py:105} ERROR - Failed to execute job 9 for task run_after_loop (Bash command failed. The command returned a non-zero exit code 127.; 746)
[2024-05-25T03:03:21.644+0000] {local_task_job.py:159} INFO - Task exited with return code 1
[2024-05-25T03:03:21.677+0000] {taskinstance.py:2582} INFO - 0 downstream tasks scheduled from follow-on schedule check
